This file contains any messages produced by compilers while
running configure, to aid debugging if configure makes a mistake.

It was created by abget configure 1.0, which was
generated by GNU Autoconf 2.61.  Invocation command line was

  $ ./configure 

## --------- ##
## Platform. ##
## --------- ##

hostname = ubuntu
uname -m = i686
uname -r = 3.13.0-32-generic
uname -s = Linux
uname -v = #57~precise1-Ubuntu SMP Tue Jul 15 03:50:54 UTC 2014

/usr/bin/uname -p = unknown
/bin/uname -X     = unknown

/bin/arch              = unknown
/usr/bin/arch -k       = unknown
/usr/convex/getsysinfo = unknown
/usr/bin/hostinfo      = unknown
/bin/machine           = unknown
/usr/bin/oslevel       = unknown
/bin/universe          = unknown

PATH: /usr/local/sbin
PATH: /usr/local/bin
PATH: /usr/sbin
PATH: /usr/bin
PATH: /sbin
PATH: /bin
PATH: /usr/games
PATH: /home/ubuntu/android-ndk-r10e


## ----------- ##
## Core tests. ##
## ----------- ##

configure:1781: checking for a BSD-compatible install
configure:1837: result: /usr/bin/install -c
configure:1848: checking whether build environment is sane
configure:1891: result: yes
configure:1956: checking for gawk
configure:1972: found /usr/bin/gawk
configure:1983: result: gawk
configure:1994: checking whether make sets $(MAKE)
configure:2015: result: yes
configure:2249: checking for gcc
configure:2265: found /usr/bin/gcc
configure:2276: result: gcc
configure:2514: checking for C compiler version
configure:2521: gcc --version >&5
gcc (Ubuntu/Linaro 4.6.3-1ubuntu5) 4.6.3
Copyright (C) 2011 Free Software Foundation, Inc.
This is free software; see the source for copying conditions.  There is NO
warranty; not even for MERCHANTABILITY or FITNESS FOR A PARTICULAR PURPOSE.

configure:2524: $? = 0
configure:2531: gcc -v >&5
Using built-in specs.
COLLECT_GCC=gcc
COLLECT_LTO_WRAPPER=/usr/lib/gcc/i686-linux-gnu/4.6/lto-wrapper
Target: i686-linux-gnu
Configured with: ../src/configure -v --with-pkgversion='Ubuntu/Linaro 4.6.3-1ubuntu5' --with-bugurl=file:///usr/share/doc/gcc-4.6/README.Bugs --enable-languages=c,c++,fortran,objc,obj-c++ --prefix=/usr --program-suffix=-4.6 --enable-shared --enable-linker-build-id --with-system-zlib --libexecdir=/usr/lib --without-included-gettext --enable-threads=posix --with-gxx-include-dir=/usr/include/c++/4.6 --libdir=/usr/lib --enable-nls --with-sysroot=/ --enable-clocale=gnu --enable-libstdcxx-debug --enable-libstdcxx-time=yes --enable-gnu-unique-object --enable-plugin --enable-objc-gc --enable-targets=all --disable-werror --with-arch-32=i686 --with-tune=generic --enable-checking=release --build=i686-linux-gnu --host=i686-linux-gnu --target=i686-linux-gnu
Thread model: posix
gcc version 4.6.3 (Ubuntu/Linaro 4.6.3-1ubuntu5) 
configure:2534: $? = 0
configure:2541: gcc -V >&5
gcc: error: unrecognized option '-V'
gcc: fatal error: no input files
compilation terminated.
configure:2544: $? = 4
configure:2567: checking for C compiler default output file name
configure:2594: gcc    conftest.c  >&5
configure:2597: $? = 0
configure:2635: result: a.out
configure:2652: checking whether the C compiler works
configure:2662: ./a.out
configure:2665: $? = 0
configure:2682: result: yes
configure:2689: checking whether we are cross compiling
configure:2691: result: no
configure:2694: checking for suffix of executables
configure:2701: gcc -o conftest    conftest.c  >&5
configure:2704: $? = 0
configure:2728: result: 
configure:2734: checking for suffix of object files
configure:2760: gcc -c   conftest.c >&5
configure:2763: $? = 0
configure:2786: result: o
configure:2790: checking whether we are using the GNU C compiler
configure:2819: gcc -c   conftest.c >&5
configure:2825: $? = 0
configure:2842: result: yes
configure:2847: checking whether gcc accepts -g
configure:2877: gcc -c -g  conftest.c >&5
configure:2883: $? = 0
configure:2982: result: yes
configure:2999: checking for gcc option to accept ISO C89
configure:3073: gcc  -c -g -O2  conftest.c >&5
configure:3079: $? = 0
configure:3102: result: none needed
configure:3120: checking whether make sets $(MAKE)
configure:3141: result: yes
configure:3163: checking for a BSD-compatible install
configure:3219: result: /usr/bin/install -c
configure:3239: checking if debug is enabled
configure:3273: result: no
configure:3278: checking if planetlab is enabled
configure:3312: result: no
configure:3320: checking for iptables
configure:3339: found /sbin/iptables
configure:3352: result: /sbin/iptables
configure:3381: checking for main in -lm
configure:3410: gcc -o conftest -g -O2   conftest.c -lm   >&5
configure:3416: $? = 0
configure:3434: result: yes
configure:3447: checking for libpcap
configure:3488: result: yes
configure:3504: checking how to run the C preprocessor
configure:3544: gcc -E  conftest.c
configure:3550: $? = 0
configure:3581: gcc -E  conftest.c
conftest.c:13:28: fatal error: ac_nonexistent.h: No such file or directory
compilation terminated.
configure:3587: $? = 1
configure: failed program was:
| /* confdefs.h.  */
| #define PACKAGE_NAME "abget"
| #define PACKAGE_TARNAME "abget"
| #define PACKAGE_VERSION "1.0"
| #define PACKAGE_STRING "abget 1.0"
| #define PACKAGE_BUGREPORT "papadog@ics.forth.gr"
| #define PACKAGE "abget"
| #define VERSION "1.0"
| #define CONF_FILE "abget.conf"
| #define IPTABLES "/sbin/iptables"
| #define HAVE_LIBM 1
| /* end confdefs.h.  */
| #include <ac_nonexistent.h>
configure:3620: result: gcc -E
configure:3649: gcc -E  conftest.c
configure:3655: $? = 0
configure:3686: gcc -E  conftest.c
conftest.c:13:28: fatal error: ac_nonexistent.h: No such file or directory
compilation terminated.
configure:3692: $? = 1
configure: failed program was:
| /* confdefs.h.  */
| #define PACKAGE_NAME "abget"
| #define PACKAGE_TARNAME "abget"
| #define PACKAGE_VERSION "1.0"
| #define PACKAGE_STRING "abget 1.0"
| #define PACKAGE_BUGREPORT "papadog@ics.forth.gr"
| #define PACKAGE "abget"
| #define VERSION "1.0"
| #define CONF_FILE "abget.conf"
| #define IPTABLES "/sbin/iptables"
| #define HAVE_LIBM 1
| /* end confdefs.h.  */
| #include <ac_nonexistent.h>
configure:3730: checking for grep that handles long lines and -e
configure:3804: result: /bin/grep
configure:3809: checking for egrep
configure:3887: result: /bin/grep -E
configure:3892: checking for ANSI C header files
configure:3922: gcc -c -g -O2  conftest.c >&5
configure:3928: $? = 0
configure:4027: gcc -o conftest -g -O2   conftest.c -lm  >&5
configure:4030: $? = 0
configure:4036: ./conftest
configure:4039: $? = 0
configure:4056: result: yes
configure:4080: checking for sys/types.h
configure:4101: gcc -c -g -O2  conftest.c >&5
configure:4107: $? = 0
configure:4123: result: yes
configure:4080: checking for sys/stat.h
configure:4101: gcc -c -g -O2  conftest.c >&5
configure:4107: $? = 0
configure:4123: result: yes
configure:4080: checking for stdlib.h
configure:4101: gcc -c -g -O2  conftest.c >&5
configure:4107: $? = 0
configure:4123: result: yes
configure:4080: checking for string.h
configure:4101: gcc -c -g -O2  conftest.c >&5
configure:4107: $? = 0
configure:4123: result: yes
configure:4080: checking for memory.h
configure:4101: gcc -c -g -O2  conftest.c >&5
configure:4107: $? = 0
configure:4123: result: yes
configure:4080: checking for strings.h
configure:4101: gcc -c -g -O2  conftest.c >&5
configure:4107: $? = 0
configure:4123: result: yes
configure:4080: checking for inttypes.h
configure:4101: gcc -c -g -O2  conftest.c >&5
configure:4107: $? = 0
configure:4123: result: yes
configure:4080: checking for stdint.h
configure:4101: gcc -c -g -O2  conftest.c >&5
configure:4107: $? = 0
configure:4123: result: yes
configure:4080: checking for unistd.h
configure:4101: gcc -c -g -O2  conftest.c >&5
configure:4107: $? = 0
configure:4123: result: yes
configure:4165: checking arpa/inet.h usability
configure:4182: gcc -c -g -O2  conftest.c >&5
configure:4188: $? = 0
configure:4202: result: yes
configure:4206: checking arpa/inet.h presence
configure:4221: gcc -E  conftest.c
configure:4227: $? = 0
configure:4241: result: yes
configure:4274: checking for arpa/inet.h
configure:4282: result: yes
configure:4165: checking fcntl.h usability
configure:4182: gcc -c -g -O2  conftest.c >&5
configure:4188: $? = 0
configure:4202: result: yes
configure:4206: checking fcntl.h presence
configure:4221: gcc -E  conftest.c
configure:4227: $? = 0
configure:4241: result: yes
configure:4274: checking for fcntl.h
configure:4282: result: yes
configure:4155: checking for memory.h
configure:4161: result: yes
configure:4165: checking netdb.h usability
configure:4182: gcc -c -g -O2  conftest.c >&5
configure:4188: $? = 0
configure:4202: result: yes
configure:4206: checking netdb.h presence
configure:4221: gcc -E  conftest.c
configure:4227: $? = 0
configure:4241: result: yes
configure:4274: checking for netdb.h
configure:4282: result: yes
configure:4165: checking netinet/in.h usability
configure:4182: gcc -c -g -O2  conftest.c >&5
configure:4188: $? = 0
configure:4202: result: yes
configure:4206: checking netinet/in.h presence
configure:4221: gcc -E  conftest.c
configure:4227: $? = 0
configure:4241: result: yes
configure:4274: checking for netinet/in.h
configure:4282: result: yes
configure:4165: checking stdio.h usability
configure:4182: gcc -c -g -O2  conftest.c >&5
configure:4188: $? = 0
configure:4202: result: yes
configure:4206: checking stdio.h presence
configure:4221: gcc -E  conftest.c
configure:4227: $? = 0
configure:4241: result: yes
configure:4274: checking for stdio.h
configure:4282: result: yes
configure:4155: checking for stdlib.h
configure:4161: result: yes
configure:4155: checking for string.h
configure:4161: result: yes
configure:4165: checking sys/param.h usability
configure:4182: gcc -c -g -O2  conftest.c >&5
configure:4188: $? = 0
configure:4202: result: yes
configure:4206: checking sys/param.h presence
configure:4221: gcc -E  conftest.c
configure:4227: $? = 0
configure:4241: result: yes
configure:4274: checking for sys/param.h
configure:4282: result: yes
configure:4165: checking sys/socket.h usability
configure:4182: gcc -c -g -O2  conftest.c >&5
configure:4188: $? = 0
configure:4202: result: yes
configure:4206: checking sys/socket.h presence
configure:4221: gcc -E  conftest.c
configure:4227: $? = 0
configure:4241: result: yes
configure:4274: checking for sys/socket.h
configure:4282: result: yes
configure:4165: checking sys/time.h usability
configure:4182: gcc -c -g -O2  conftest.c >&5
configure:4188: $? = 0
configure:4202: result: yes
configure:4206: checking sys/time.h presence
configure:4221: gcc -E  conftest.c
configure:4227: $? = 0
configure:4241: result: yes
configure:4274: checking for sys/time.h
configure:4282: result: yes
configure:4155: checking for sys/stat.h
configure:4161: result: yes
configure:4155: checking for unistd.h
configure:4161: result: yes
configure:4165: checking signal.h usability
configure:4182: gcc -c -g -O2  conftest.c >&5
configure:4188: $? = 0
configure:4202: result: yes
configure:4206: checking signal.h presence
configure:4221: gcc -E  conftest.c
configure:4227: $? = 0
configure:4241: result: yes
configure:4274: checking for signal.h
configure:4282: result: yes
configure:4165: checking sys/ioctl.h usability
configure:4182: gcc -c -g -O2  conftest.c >&5
configure:4188: $? = 0
configure:4202: result: yes
configure:4206: checking sys/ioctl.h presence
configure:4221: gcc -E  conftest.c
configure:4227: $? = 0
configure:4241: result: yes
configure:4274: checking for sys/ioctl.h
configure:4282: result: yes
configure:4165: checking net/if.h usability
configure:4182: gcc -c -g -O2  conftest.c >&5
configure:4188: $? = 0
configure:4202: result: yes
configure:4206: checking net/if.h presence
configure:4221: gcc -E  conftest.c
configure:4227: $? = 0
configure:4241: result: yes
configure:4274: checking for net/if.h
configure:4282: result: yes
configure:4297: checking for an ANSI C-conforming const
configure:4372: gcc -c -g -O2  conftest.c >&5
configure:4378: $? = 0
configure:4393: result: yes
configure:4404: checking for int32_t
configure:4435: gcc -c -g -O2  conftest.c >&5
configure:4441: $? = 0
configure:4470: gcc -c -g -O2  conftest.c >&5
conftest.c: In function 'main':
conftest.c:76:60: warning: integer overflow in expression [-Woverflow]
conftest.c:75:12: error: size of array 'test_array' is negative
conftest.c:75:12: error: storage size of 'test_array' isn't constant
configure:4476: $? = 1
configure: failed program was:
| /* confdefs.h.  */
| #define PACKAGE_NAME "abget"
| #define PACKAGE_TARNAME "abget"
| #define PACKAGE_VERSION "1.0"
| #define PACKAGE_STRING "abget 1.0"
| #define PACKAGE_BUGREPORT "papadog@ics.forth.gr"
| #define PACKAGE "abget"
| #define VERSION "1.0"
| #define CONF_FILE "abget.conf"
| #define IPTABLES "/sbin/iptables"
| #define HAVE_LIBM 1
| #define STDC_HEADERS 1
| #define HAVE_SYS_TYPES_H 1
| #define HAVE_SYS_STAT_H 1
| #define HAVE_STDLIB_H 1
| #define HAVE_STRING_H 1
| #define HAVE_MEMORY_H 1
| #define HAVE_STRINGS_H 1
| #define HAVE_INTTYPES_H 1
| #define HAVE_STDINT_H 1
| #define HAVE_UNISTD_H 1
| #define HAVE_ARPA_INET_H 1
| #define HAVE_FCNTL_H 1
| #define HAVE_MEMORY_H 1
| #define HAVE_NETDB_H 1
| #define HAVE_NETINET_IN_H 1
| #define HAVE_STDIO_H 1
| #define HAVE_STDLIB_H 1
| #define HAVE_STRING_H 1
| #define HAVE_SYS_PARAM_H 1
| #define HAVE_SYS_SOCKET_H 1
| #define HAVE_SYS_TIME_H 1
| #define HAVE_SYS_STAT_H 1
| #define HAVE_UNISTD_H 1
| #define HAVE_SIGNAL_H 1
| #define HAVE_SYS_IOCTL_H 1
| #define HAVE_NET_IF_H 1
| /* end confdefs.h.  */
| #include <stdio.h>
| #ifdef HAVE_SYS_TYPES_H
| # include <sys/types.h>
| #endif
| #ifdef HAVE_SYS_STAT_H
| # include <sys/stat.h>
| #endif
| #ifdef STDC_HEADERS
| # include <stdlib.h>
| # include <stddef.h>
| #else
| # ifdef HAVE_STDLIB_H
| #  include <stdlib.h>
| # endif
| #endif
| #ifdef HAVE_STRING_H
| # if !defined STDC_HEADERS && defined HAVE_MEMORY_H
| #  include <memory.h>
| # endif
| # include <string.h>
| #endif
| #ifdef HAVE_STRINGS_H
| # include <strings.h>
| #endif
| #ifdef HAVE_INTTYPES_H
| # include <inttypes.h>
| #endif
| #ifdef HAVE_STDINT_H
| # include <stdint.h>
| #endif
| #ifdef HAVE_UNISTD_H
| # include <unistd.h>
| #endif
| int
| main ()
| {
| static int test_array [1 - 2 * !((int32_t) ((((int32_t) 1 << (32 - 2)) - 1) * 2 + 1)
| 	         < (int32_t) ((((int32_t) 1 << (32 - 2)) - 1) * 2 + 2))];
| test_array [0] = 0
| 
|   ;
|   return 0;
| }
configure:4505: result: yes
configure:4517: checking whether time.h and sys/time.h may both be included
configure:4547: gcc -c -g -O2  conftest.c >&5
configure:4553: $? = 0
configure:4568: result: yes
configure:4578: checking whether struct tm is in sys/time.h or time.h
configure:4608: gcc -c -g -O2  conftest.c >&5
configure:4614: $? = 0
configure:4629: result: time.h
configure:4646: checking for stdlib.h
configure:4652: result: yes
configure:4786: checking for GNU libc compatible malloc
configure:4820: gcc -o conftest -g -O2   conftest.c -lm  >&5
configure:4823: $? = 0
configure:4829: ./conftest
configure:4832: $? = 0
configure:4848: result: yes
configure:4876: checking return type of signal handlers
configure:4904: gcc -c -g -O2  conftest.c >&5
conftest.c: In function 'main':
conftest.c:48:1: error: void value not ignored as it ought to be
configure:4910: $? = 1
configure: failed program was:
| /* confdefs.h.  */
| #define PACKAGE_NAME "abget"
| #define PACKAGE_TARNAME "abget"
| #define PACKAGE_VERSION "1.0"
| #define PACKAGE_STRING "abget 1.0"
| #define PACKAGE_BUGREPORT "papadog@ics.forth.gr"
| #define PACKAGE "abget"
| #define VERSION "1.0"
| #define CONF_FILE "abget.conf"
| #define IPTABLES "/sbin/iptables"
| #define HAVE_LIBM 1
| #define STDC_HEADERS 1
| #define HAVE_SYS_TYPES_H 1
| #define HAVE_SYS_STAT_H 1
| #define HAVE_STDLIB_H 1
| #define HAVE_STRING_H 1
| #define HAVE_MEMORY_H 1
| #define HAVE_STRINGS_H 1
| #define HAVE_INTTYPES_H 1
| #define HAVE_STDINT_H 1
| #define HAVE_UNISTD_H 1
| #define HAVE_ARPA_INET_H 1
| #define HAVE_FCNTL_H 1
| #define HAVE_MEMORY_H 1
| #define HAVE_NETDB_H 1
| #define HAVE_NETINET_IN_H 1
| #define HAVE_STDIO_H 1
| #define HAVE_STDLIB_H 1
| #define HAVE_STRING_H 1
| #define HAVE_SYS_PARAM_H 1
| #define HAVE_SYS_SOCKET_H 1
| #define HAVE_SYS_TIME_H 1
| #define HAVE_SYS_STAT_H 1
| #define HAVE_UNISTD_H 1
| #define HAVE_SIGNAL_H 1
| #define HAVE_SYS_IOCTL_H 1
| #define HAVE_NET_IF_H 1
| #define TIME_WITH_SYS_TIME 1
| #define HAVE_STDLIB_H 1
| #define HAVE_MALLOC 1
| /* end confdefs.h.  */
| #include <sys/types.h>
| #include <signal.h>
| 
| int
| main ()
| {
| return *(signal (0, 0)) (0) == 1;
|   ;
|   return 0;
| }
configure:4925: result: void
configure:4949: checking for bzero
configure:5005: gcc -o conftest -g -O2   conftest.c -lm  >&5
conftest.c:66:6: warning: conflicting types for built-in function 'bzero' [enabled by default]
configure:5011: $? = 0
configure:5029: result: yes
configure:4949: checking for gethostbyaddr
configure:5005: gcc -o conftest -g -O2   conftest.c -lm  >&5
configure:5011: $? = 0
configure:5029: result: yes
configure:4949: checking for gethostbyname
configure:5005: gcc -o conftest -g -O2   conftest.c -lm  >&5
configure:5011: $? = 0
configure:5029: result: yes
configure:4949: checking for gethostname
configure:5005: gcc -o conftest -g -O2   conftest.c -lm  >&5
configure:5011: $? = 0
configure:5029: result: yes
configure:4949: checking for gettimeofday
configure:5005: gcc -o conftest -g -O2   conftest.c -lm  >&5
configure:5011: $? = 0
configure:5029: result: yes
configure:4949: checking for inet_ntoa
configure:5005: gcc -o conftest -g -O2   conftest.c -lm  >&5
configure:5011: $? = 0
configure:5029: result: yes
configure:4949: checking for memmove
configure:5005: gcc -o conftest -g -O2   conftest.c -lm  >&5
conftest.c:72:6: warning: conflicting types for built-in function 'memmove' [enabled by default]
configure:5011: $? = 0
configure:5029: result: yes
configure:4949: checking for memset
configure:5005: gcc -o conftest -g -O2   conftest.c -lm  >&5
conftest.c:73:6: warning: conflicting types for built-in function 'memset' [enabled by default]
configure:5011: $? = 0
configure:5029: result: yes
configure:4949: checking for socket
configure:5005: gcc -o conftest -g -O2   conftest.c -lm  >&5
configure:5011: $? = 0
configure:5029: result: yes
configure:4949: checking for strchr
configure:5005: gcc -o conftest -g -O2   conftest.c -lm  >&5
conftest.c:75:6: warning: conflicting types for built-in function 'strchr' [enabled by default]
configure:5011: $? = 0
configure:5029: result: yes
configure:4949: checking for strdup
configure:5005: gcc -o conftest -g -O2   conftest.c -lm  >&5
conftest.c:76:6: warning: conflicting types for built-in function 'strdup' [enabled by default]
configure:5011: $? = 0
configure:5029: result: yes
configure:4949: checking for strrchr
configure:5005: gcc -o conftest -g -O2   conftest.c -lm  >&5
conftest.c:77:6: warning: conflicting types for built-in function 'strrchr' [enabled by default]
configure:5011: $? = 0
configure:5029: result: yes
configure:4949: checking for select
configure:5005: gcc -o conftest -g -O2   conftest.c -lm  >&5
configure:5011: $? = 0
configure:5029: result: yes
configure:5180: creating ./config.status

## ---------------------- ##
## Running config.status. ##
## ---------------------- ##

This file was extended by abget config.status 1.0, which was
generated by GNU Autoconf 2.61.  Invocation command line was

  CONFIG_FILES    = 
  CONFIG_HEADERS  = 
  CONFIG_LINKS    = 
  CONFIG_COMMANDS = 
  $ ./config.status 

on ubuntu

config.status:620: creating Makefile
config.status:620: creating config.h
config.status:886: config.h is unchanged

## ---------------- ##
## Cache variables. ##
## ---------------- ##

ac_cv_c_compiler_gnu=yes
ac_cv_c_const=yes
ac_cv_c_int32_t=yes
ac_cv_env_CC_set=
ac_cv_env_CC_value=
ac_cv_env_CFLAGS_set=
ac_cv_env_CFLAGS_value=
ac_cv_env_CPPFLAGS_set=
ac_cv_env_CPPFLAGS_value=
ac_cv_env_CPP_set=
ac_cv_env_CPP_value=
ac_cv_env_LDFLAGS_set=
ac_cv_env_LDFLAGS_value=
ac_cv_env_LIBS_set=
ac_cv_env_LIBS_value=
ac_cv_env_build_alias_set=
ac_cv_env_build_alias_value=
ac_cv_env_host_alias_set=
ac_cv_env_host_alias_value=
ac_cv_env_target_alias_set=
ac_cv_env_target_alias_value=
ac_cv_func_bzero=yes
ac_cv_func_gethostbyaddr=yes
ac_cv_func_gethostbyname=yes
ac_cv_func_gethostname=yes
ac_cv_func_gettimeofday=yes
ac_cv_func_inet_ntoa=yes
ac_cv_func_malloc_0_nonnull=yes
ac_cv_func_memmove=yes
ac_cv_func_memset=yes
ac_cv_func_select=yes
ac_cv_func_socket=yes
ac_cv_func_strchr=yes
ac_cv_func_strdup=yes
ac_cv_func_strrchr=yes
ac_cv_header_arpa_inet_h=yes
ac_cv_header_fcntl_h=yes
ac_cv_header_inttypes_h=yes
ac_cv_header_memory_h=yes
ac_cv_header_net_if_h=yes
ac_cv_header_netdb_h=yes
ac_cv_header_netinet_in_h=yes
ac_cv_header_signal_h=yes
ac_cv_header_stdc=yes
ac_cv_header_stdint_h=yes
ac_cv_header_stdio_h=yes
ac_cv_header_stdlib_h=yes
ac_cv_header_string_h=yes
ac_cv_header_strings_h=yes
ac_cv_header_sys_ioctl_h=yes
ac_cv_header_sys_param_h=yes
ac_cv_header_sys_socket_h=yes
ac_cv_header_sys_stat_h=yes
ac_cv_header_sys_time_h=yes
ac_cv_header_sys_types_h=yes
ac_cv_header_time=yes
ac_cv_header_unistd_h=yes
ac_cv_lib_m_main=yes
ac_cv_objext=o
ac_cv_path_EGREP='/bin/grep -E'
ac_cv_path_GREP=/bin/grep
ac_cv_path_ac_abget_firewall=/sbin/iptables
ac_cv_path_install='/usr/bin/install -c'
ac_cv_prog_AWK=gawk
ac_cv_prog_CPP='gcc -E'
ac_cv_prog_ac_ct_CC=gcc
ac_cv_prog_cc_c89=
ac_cv_prog_cc_g=yes
ac_cv_prog_make_make_set=yes
ac_cv_struct_tm=time.h
ac_cv_type_signal=void

## ----------------- ##
## Output variables. ##
## ----------------- ##

ACLOCAL='${SHELL} /home/ubuntu/abget-1.0/missing --run aclocal-1.9'
AMTAR='${SHELL} /home/ubuntu/abget-1.0/missing --run tar'
AUTOCONF='${SHELL} /home/ubuntu/abget-1.0/missing --run autoconf'
AUTOHEADER='${SHELL} /home/ubuntu/abget-1.0/missing --run autoheader'
AUTOMAKE='${SHELL} /home/ubuntu/abget-1.0/missing --run automake-1.9'
AWK='gawk'
BINARY_DEBUG_FALSE=''
BINARY_DEBUG_TRUE='#'
BINARY_PLANETLAB_FALSE=''
BINARY_PLANETLAB_TRUE='#'
CC='gcc'
CFLAGS='-g -W -Wall -Wcast-align -Wpointer-arith'
CPP='gcc -E'
CPPFLAGS=''
CYGPATH_W='echo'
DEFS='-DHAVE_CONFIG_H'
ECHO_C=''
ECHO_N='-n'
ECHO_T=''
EGREP='/bin/grep -E'
EXEEXT=''
GREP='/bin/grep'
INSTALL_DATA='${INSTALL} -m 644'
INSTALL_PROGRAM='${INSTALL}'
INSTALL_SCRIPT='${INSTALL}'
INSTALL_STRIP_PROGRAM='${SHELL} $(install_sh) -c -s'
LDFLAGS=''
LIBOBJS=''
LIBS='-lm '
LTLIBOBJS=''
MAKEINFO='${SHELL} /home/ubuntu/abget-1.0/missing --run makeinfo'
OBJEXT='o'
PACKAGE='abget'
PACKAGE_BUGREPORT='papadog@ics.forth.gr'
PACKAGE_NAME='abget'
PACKAGE_STRING='abget 1.0'
PACKAGE_TARNAME='abget'
PACKAGE_VERSION='1.0'
PATH_SEPARATOR=':'
PCAPINC='-I/usr/include/pcap'
PCAPLIB='-lpcap'
SET_MAKE=''
SHELL='/bin/bash'
STRIP=''
VERSION='1.0'
ac_abget_firewall='/sbin/iptables'
ac_ct_CC='gcc'
am__leading_dot='.'
am__tar='${AMTAR} chof - "$$tardir"'
am__untar='${AMTAR} xf -'
bindir='${exec_prefix}/bin'
build_alias=''
datadir='${datarootdir}'
datarootdir='${prefix}/share'
docdir='${datarootdir}/doc/${PACKAGE_TARNAME}'
dvidir='${docdir}'
exec_prefix='${prefix}'
host_alias=''
htmldir='${docdir}'
includedir='${prefix}/include'
infodir='${datarootdir}/info'
install_sh='/home/ubuntu/abget-1.0/install-sh'
libdir='${exec_prefix}/lib'
libexecdir='${exec_prefix}/libexec'
localedir='${datarootdir}/locale'
localstatedir='${prefix}/var'
mandir='${datarootdir}/man'
mkdir_p='mkdir -p --'
oldincludedir='/usr/include'
pdfdir='${docdir}'
prefix='/usr/local'
program_transform_name='s,x,x,'
psdir='${docdir}'
sbindir='${exec_prefix}/sbin'
sharedstatedir='${prefix}/com'
sysconfdir='${prefix}/etc'
target_alias=''

## ----------- ##
## confdefs.h. ##
## ----------- ##

#define PACKAGE_NAME "abget"
#define PACKAGE_TARNAME "abget"
#define PACKAGE_VERSION "1.0"
#define PACKAGE_STRING "abget 1.0"
#define PACKAGE_BUGREPORT "papadog@ics.forth.gr"
#define PACKAGE "abget"
#define VERSION "1.0"
#define CONF_FILE "abget.conf"
#define IPTABLES "/sbin/iptables"
#define HAVE_LIBM 1
#define STDC_HEADERS 1
#define HAVE_SYS_TYPES_H 1
#define HAVE_SYS_STAT_H 1
#define HAVE_STDLIB_H 1
#define HAVE_STRING_H 1
#define HAVE_MEMORY_H 1
#define HAVE_STRINGS_H 1
#define HAVE_INTTYPES_H 1
#define HAVE_STDINT_H 1
#define HAVE_UNISTD_H 1
#define HAVE_ARPA_INET_H 1
#define HAVE_FCNTL_H 1
#define HAVE_MEMORY_H 1
#define HAVE_NETDB_H 1
#define HAVE_NETINET_IN_H 1
#define HAVE_STDIO_H 1
#define HAVE_STDLIB_H 1
#define HAVE_STRING_H 1
#define HAVE_SYS_PARAM_H 1
#define HAVE_SYS_SOCKET_H 1
#define HAVE_SYS_TIME_H 1
#define HAVE_SYS_STAT_H 1
#define HAVE_UNISTD_H 1
#define HAVE_SIGNAL_H 1
#define HAVE_SYS_IOCTL_H 1
#define HAVE_NET_IF_H 1
#define TIME_WITH_SYS_TIME 1
#define HAVE_STDLIB_H 1
#define HAVE_MALLOC 1
#define RETSIGTYPE void
#define HAVE_BZERO 1
#define HAVE_GETHOSTBYADDR 1
#define HAVE_GETHOSTBYNAME 1
#define HAVE_GETHOSTNAME 1
#define HAVE_GETTIMEOFDAY 1
#define HAVE_INET_NTOA 1
#define HAVE_MEMMOVE 1
#define HAVE_MEMSET 1
#define HAVE_SOCKET 1
#define HAVE_STRCHR 1
#define HAVE_STRDUP 1
#define HAVE_STRRCHR 1
#define HAVE_SELECT 1
#define CONFDIR "/usr/local/etc/abget"
#define CONF_FILENAME "/usr/local/etc/abget/abget.conf:abget.conf"

configure: exit 0
